20230611	12:43:20	b0624917-08a4-4ebe-8f22-d4b4709db68a	GET	/api/auth	undefined
20230611	12:45:29	1019227a-b223-41f4-b20d-99e272e8b191	POST	/api/users	undefined
20230611	12:50:09	36acc9f9-599c-4572-a6d4-ff4a5fecf3ff	OPTIONS	/api/auth	http://localhost:5173
20230611	12:50:09	a393ae14-07a2-4a2a-8a77-55e33a59de2b	OPTIONS	/api/auth	http://localhost:5173
20230611	12:53:20	e194bc72-7e3a-4bea-9910-d7999ad2977e	POST	/api/auth	http://localhost:5173
20230611	12:53:20	4ca7583f-ef8a-45f6-ac2b-7f0c7b8513b3	POST	/api/auth	http://localhost:5173
20230611	12:53:24	99ddfaae-b734-46ce-8606-f39770050ba1	POST	/api/auth	http://localhost:5173
20230611	12:53:24	5f018d42-8b29-490a-914c-ba8d75b14787	POST	/api/auth	http://localhost:5173
20230611	12:53:45	f5e22bcc-7595-4c93-be9e-64baf339ef59	POST	/api/users	http://localhost:5173
20230611	12:53:46	fdce1104-b720-4647-9a4c-d9e688f71c4f	POST	/api/auth	http://localhost:5173
20230611	12:56:24	fe8852ea-f213-4c6b-accb-1482a761b1ce	POST	/api/auth	http://localhost:5173
20230611	12:56:24	ee2023a6-6895-45b4-9618-dc56a84769d3	POST	/api/auth	http://localhost:5173
20230611	13:07:16	c300db09-d241-41d2-851a-ba7bfdc00ffd	POST	/api/auth/login	http://localhost:5173
20230611	13:07:17	e4d26f12-41b4-4c14-ab02-7b8dd83958c0	POST	/api/auth	http://localhost:5173
20230611	13:07:17	e18cf69b-e62c-4285-a782-b7c3f5cf8b4d	POST	/api/auth	http://localhost:5173
20230611	13:07:28	112444b8-31f5-4cba-a15b-58576df6f3d5	POST	/api/auth	http://localhost:5173
20230611	13:07:28	376c1bab-a2ed-486d-9e44-19cfe969508a	POST	/api/auth	http://localhost:5173
20230611	13:07:28	3b127d07-5359-4b76-abad-b0df6706d28e	POST	/api/auth	http://localhost:5173
20230611	13:07:28	924e21a8-1535-49ce-94d9-4f64b4e388ed	POST	/api/auth	http://localhost:5173
20230611	13:10:38	36911371-01e2-4907-b3f7-444aae12959c	POST	/api/users	undefined
20230611	13:11:11	864b93d4-ca52-4d16-b1e0-e3e7cc8e7e4e	POST	/api/auth/login	undefined
20230611	13:13:20	1451d4f9-a27b-45b0-8c0f-14b70cb60131	POST	/api/auth	http://localhost:5173
20230611	13:13:20	e087e11f-4d72-4ca8-9fa3-de9218a186d5	POST	/api/auth	http://localhost:5173
20230611	13:13:21	fd09d046-54cb-4b7b-871e-6157c1f6085e	POST	/api/auth	http://localhost:5173
20230611	13:13:21	b43acd5b-2209-4274-a38f-eb352f639e33	POST	/api/auth	http://localhost:5173
20230611	13:34:10	82a9c57c-e7d9-4f03-860c-6d534924177c	POST	/api/auth	http://localhost:5173
20230611	13:34:10	02e56969-108f-4084-aad7-392e66739230	POST	/api/auth	http://localhost:5173
20230611	15:22:30	f9a6fdde-be23-437b-82a2-97cb7ae076c7	POST	/api/auth	http://localhost:5173
20230611	15:22:30	2bd33d32-80ab-434e-839b-27a1572c883b	POST	/api/auth	http://localhost:5173
20230611	15:23:44	0fc5caef-700a-4d7f-a454-f122af3f0c83	POST	/api/auth	http://localhost:5173
20230611	15:23:44	5ff24cd9-132d-419f-95c0-c2519d8f0097	POST	/api/auth	http://localhost:5173
20230611	15:24:20	2b98eb14-44b3-4dd3-b9c1-d9831ad7a27c	POST	/api/auth	http://localhost:5173
20230611	15:24:20	3afa85cf-dafa-4f96-bad4-3ac8e0911754	POST	/api/auth	http://localhost:5173
20230611	15:29:35	6dbbef7e-b5c6-4f04-a618-253c35b250e5	POST	/api/auth	http://localhost:5173
20230611	15:29:35	89a95147-968f-416e-8491-540ab21f7d76	POST	/api/auth	http://localhost:5173
20230611	15:29:46	e17daa04-a814-4907-ac18-5ccaedc951e8	POST	/api/auth/login	http://localhost:5173
20230611	15:30:03	0d428b02-5833-4da7-a60a-2544b6077eef	POST	/api/auth/login	http://localhost:5173
20230611	15:30:04	b965ef11-1f41-4a93-8faa-ab6b26ac3008	POST	/api/auth/login	http://localhost:5173
20230611	15:30:05	40a21bfe-a765-469b-9b07-5834c49f3040	POST	/api/auth	http://localhost:5173
20230611	15:30:05	4bccaef4-4c88-4d5d-9a52-ceac2f8ed4fb	POST	/api/auth	http://localhost:5173
20230611	15:30:24	6b174306-d012-4c1b-88af-8aa61e99f636	POST	/api/users	http://localhost:5173
20230611	15:30:24	7a0f7515-5d0e-4f00-943a-aa30db9c790e	POST	/api/auth	http://localhost:5173
20230611	15:30:24	1e9a4e4d-6fdc-4b28-a2c5-71834a787d4b	POST	/api/auth	http://localhost:5173
20230611	15:31:02	b7ebc9ab-fbfd-4ee2-88d2-7907c4cb6814	POST	/api/auth	http://localhost:5173
20230611	15:31:02	a6a8b9e0-66cd-4468-947a-61087e13648f	POST	/api/auth	http://localhost:5173
20230611	15:31:14	ee4e2bff-7bed-4a18-8d6a-3fb9f8c5096e	PATCH	/api/users	http://localhost:5173
20230611	15:31:18	ff427911-a52d-4e48-82c9-a588f9909921	POST	/api/auth	http://localhost:5173
20230611	15:31:18	b137d7b6-2d2e-46f6-8c11-db596f2e21c8	POST	/api/auth	http://localhost:5173
20230611	15:31:25	7a2c24b5-352b-4453-9c3e-5f88206f834c	POST	/api/auth	http://localhost:5173
20230611	15:31:25	e79449d0-b4c0-42d9-8c13-03ccb47a2e23	POST	/api/auth	http://localhost:5173
20230611	15:31:25	9d5e8ea0-a137-4ab8-b337-a36e32a0b127	POST	/api/auth	http://localhost:5173
20230611	15:31:25	3969ad93-afde-45d7-acf0-3135438880d9	POST	/api/auth	http://localhost:5173
20230611	15:31:28	6fefe448-9c73-43f1-9a94-4914c00cdbd3	POST	/api/auth	http://localhost:5173
20230611	15:31:28	23c40ba7-b924-48fd-843b-754b6bbf469e	POST	/api/auth	http://localhost:5173
20230611	15:31:30	59e4d890-9689-4026-969a-a689f8ccd4e5	DELETE	/api/auth	http://localhost:5173
20230611	15:31:30	58fb8b87-111f-4c74-b9fa-7593dc20e914	POST	/api/auth	http://localhost:5173
20230611	15:31:30	33f663c9-16a3-405f-98f8-b556e251f3d9	POST	/api/auth	http://localhost:5173
20230611	15:31:34	4d07dc96-5596-45b3-9396-33649faac0c0	POST	/api/auth	http://localhost:5173
20230611	15:31:34	006b9451-454e-4245-8b64-7ae6d41ee76b	POST	/api/auth	http://localhost:5173
20230611	15:31:41	d8140161-25c3-46d5-993c-65e0bdbbc7a9	POST	/api/auth	http://localhost:5173
20230611	15:31:41	2eb2b0d0-ccea-47b4-a105-ab6d25e97e66	POST	/api/auth	http://localhost:5173
20230611	15:31:41	7775adb2-a050-4b59-91c2-4c858b73d944	POST	/api/auth	http://localhost:5173
20230611	15:31:41	147ea5d0-16c7-4669-a1ae-b53b5e0486e1	POST	/api/auth	http://localhost:5173
20230611	15:31:42	ad3286de-b288-4b27-aff1-4c1120de797d	POST	/api/auth	http://localhost:5173
20230611	15:31:42	aae7fb61-cf59-46b8-8c54-0bc1e1adcf35	POST	/api/auth	http://localhost:5173
20230611	15:32:39	75121144-7153-4612-8d4b-b44ab42c0847	POST	/api/auth	http://localhost:5173
20230611	15:32:39	14a9cfb7-d0df-4263-89c0-af4be411d77a	POST	/api/auth	http://localhost:5173
20230611	15:32:39	7399b918-2ae7-47e7-a8f3-43bfe8c7d813	POST	/api/auth	http://localhost:5173
20230611	15:32:43	de82bd49-b650-4040-897b-10f5ecbe42eb	POST	/api/auth	http://localhost:5173
20230611	15:32:43	dd047e82-63e5-452f-bdad-c6442a514406	POST	/api/auth	http://localhost:5173
20230611	15:32:48	bcaa7a64-2165-48cb-9ca7-b831774da023	POST	/api/auth	http://localhost:5173
20230611	15:32:48	5f6d1660-890b-47fb-b464-15617e8a07eb	POST	/api/auth	http://localhost:5173
20230611	15:33:06	594a2548-2edf-41c8-9be0-2b4cad4247ef	POST	/api/auth/login	http://localhost:5173
20230611	15:33:06	4f60e227-16fd-4869-ba16-2b5d3355258e	POST	/api/auth	http://localhost:5173
20230611	15:33:06	bf3444b9-7720-4292-b21a-f2d2eef9ad51	POST	/api/auth	http://localhost:5173
20230611	15:33:10	51985b1b-537e-4fd1-ba16-4f49df3377b7	POST	/api/auth	http://localhost:5173
20230611	15:33:10	9d9a72bf-a7c2-459f-b6a6-c484a6a4043d	POST	/api/auth	http://localhost:5173
20230611	15:33:12	44b5f79c-7c78-40f7-92dd-9977a6c5a734	POST	/api/auth	http://localhost:5173
20230611	15:33:12	c40544b8-9fcb-42e7-bdf7-9eb1738a2d14	POST	/api/auth	http://localhost:5173
20230611	15:33:12	2c0cb63d-8534-4ddb-8002-d8d40159ef8a	POST	/api/auth	http://localhost:5173
20230611	15:33:12	91ac22e3-1a7a-45fb-951e-e45b7d2b2982	POST	/api/auth	http://localhost:5173
20230611	15:33:12	707e3178-4ef0-4c63-a8ce-9e4113a9a2ce	POST	/api/auth	http://localhost:5173
20230611	15:33:12	e7a75dca-4c58-46cf-8a0a-2e76c56969ec	POST	/api/auth	http://localhost:5173
20230611	15:33:13	2f29c1b7-f0ac-43a6-898d-2afdcebb6053	POST	/api/auth	http://localhost:5173
20230611	15:33:13	13743ea8-643c-4f82-91e4-2fdb02b3c528	POST	/api/auth	http://localhost:5173
20230611	15:33:15	71463074-8204-431f-8261-fde9f4011e0f	POST	/api/auth	http://localhost:5173
20230611	15:33:15	e33355b9-84f4-4dc9-a659-3a32e43fef77	POST	/api/auth	http://localhost:5173
20230611	15:33:17	9a1493d6-757d-4e79-b62d-cf9d9ab92ac2	DELETE	/api/auth	http://localhost:5173
20230611	15:33:17	6c306e1a-bc89-49cf-8670-0b52e7591aad	POST	/api/auth	http://localhost:5173
20230611	15:33:17	9682491a-46df-44e5-be23-443eaaf38ed6	POST	/api/auth	http://localhost:5173
20230611	15:33:17	24a769c1-43fc-43ca-9d75-05856913c45b	POST	/api/auth	http://localhost:5173
20230611	15:33:17	b1db704b-0a78-4648-a6fc-96a2ef454267	POST	/api/auth	http://localhost:5173
20230611	15:33:26	39980fc5-aeff-44fd-bb11-fa6c54828f97	POST	/api/auth	http://localhost:5173
20230611	15:33:26	d3a42127-a400-47e6-8b06-44146797b3c4	POST	/api/auth	http://localhost:5173
20230611	15:33:39	da08b3c2-652f-496a-a68f-89b3d7c36801	POST	/api/auth	http://localhost:5173
20230611	15:33:39	6c15e292-87d3-412c-9780-369606020033	POST	/api/auth	http://localhost:5173
20230611	15:33:51	d9bda797-3ab4-455e-8c17-2206dc4ac26c	POST	/api/auth/login	http://localhost:5173
20230611	15:33:51	e557ad56-7d92-49d1-8fe8-5b7ee68a57d1	POST	/api/auth	http://localhost:5173
20230611	15:33:51	fe756a6c-8f76-4d47-bcbd-da2a5260b71b	POST	/api/auth	http://localhost:5173
20230611	15:33:59	2b636eeb-f98c-4d3f-a4be-19bffd33ff4e	POST	/api/auth	http://localhost:5173
20230611	15:33:59	acd7c920-9017-47f8-9c97-2ea39128db21	POST	/api/auth	http://localhost:5173
20230611	15:33:59	46dd36c6-3443-448c-aef1-c8d9eb25dc5c	POST	/api/auth	http://localhost:5173
20230611	15:33:59	8113d670-89b5-45b8-8cad-22d4ffcb6879	POST	/api/auth	http://localhost:5173
20230611	15:34:05	70c0889f-4b32-4e7b-9126-aa54a9b712cf	POST	/api/auth	http://localhost:5173
20230611	15:34:05	c6af8581-9102-4f32-a54e-61ac8dd6b0c7	POST	/api/auth	http://localhost:5173
20230611	15:34:07	f6e35e1f-545a-417a-970e-c27be1dfc254	POST	/api/auth	http://localhost:5173
20230611	15:34:07	4a43a39b-d2d7-4b06-875f-2f35480dc954	POST	/api/auth	http://localhost:5173
20230611	15:34:08	48540482-6b07-4a75-ad69-112c8bce2039	POST	/api/auth	http://localhost:5173
20230611	15:34:08	4ee5267a-700f-4ca6-9aee-cd8a69ed101e	POST	/api/auth	http://localhost:5173
20230611	15:34:10	a6f58291-c80c-49af-9e21-9698e90d5ed1	POST	/api/auth	http://localhost:5173
20230611	15:34:10	4a820b97-70fe-42f9-a522-b35750f3849b	POST	/api/auth	http://localhost:5173
20230611	15:34:17	6fd255cb-6943-45c2-b7a1-3d72a238a442	POST	/api/auth	http://localhost:5173
20230611	15:34:17	24d906ef-d767-4d97-83f0-3f8baecb6b4e	POST	/api/auth	http://localhost:5173
20230611	15:34:17	0d920e76-2bdf-4d78-952c-c26a8fd13866	POST	/api/auth	http://localhost:5173
20230611	15:34:17	2cdbe000-5910-43da-8023-0d3dde1ec82e	POST	/api/auth	http://localhost:5173
20230611	15:34:20	540edc0b-d411-4c8b-a4f9-91d5839e7bab	POST	/api/auth	http://localhost:5173
20230611	15:34:20	6b502f0c-e18e-474f-9e0a-69a76766d0fb	POST	/api/auth	http://localhost:5173
20230611	15:34:21	509839a7-bb87-4c83-af72-21d35f2f0dd6	POST	/api/auth	http://localhost:5173
20230611	15:34:21	9de72ebf-4636-4ca7-a941-e654eabed4a8	POST	/api/auth	http://localhost:5173
20230611	15:34:21	b36b30b2-d5c3-4c2d-b9d5-4f5ab2e0311c	POST	/api/auth	http://localhost:5173
20230611	15:34:21	b6e4dbae-06d5-4243-a02e-220be9717b92	POST	/api/auth	http://localhost:5173
20230611	15:34:21	1a5c85dd-d44c-4405-8d17-cadaa5163a0f	POST	/api/auth	http://localhost:5173
20230611	15:34:21	eae65c0f-6be4-4517-8484-e3a88b82531c	POST	/api/auth	http://localhost:5173
20230611	15:34:22	0720a5ef-3cf8-42c2-8627-bfbb80061ddc	POST	/api/auth	http://localhost:5173
20230611	15:34:22	d1844fc2-a2d1-446e-9328-809c4d86adc8	POST	/api/auth	http://localhost:5173
20230611	15:34:22	dfcebbbb-f69f-42b3-8209-01845dc8eace	POST	/api/auth	http://localhost:5173
20230611	15:34:22	9618ae3f-1f0d-4c77-bb22-dd67d82f83b4	POST	/api/auth	http://localhost:5173
20230611	15:34:22	9bd2f020-4009-4e60-aba2-763de3a5acef	POST	/api/auth	http://localhost:5173
20230611	15:34:22	f7d1614c-56dd-4005-97d8-2dc1e82efe65	POST	/api/auth	http://localhost:5173
20230611	15:34:22	a329842f-fbcd-4923-a62b-ea0ae9911731	POST	/api/auth	http://localhost:5173
20230611	15:34:22	e083d0f7-4e33-4fde-b10e-cb29d63a40a3	POST	/api/auth	http://localhost:5173
20230611	15:34:22	5155aa6f-787b-4fb2-bea7-7d175cdcdd0b	POST	/api/auth	http://localhost:5173
20230611	15:34:22	3a97d812-8e6c-4b09-90f6-c9d97a5bb187	POST	/api/auth	http://localhost:5173
20230611	15:34:23	a8231a71-3cab-4f4a-9115-843c46557284	POST	/api/auth	http://localhost:5173
20230611	15:34:23	3d8f442f-aec6-4457-81ab-e73878a6db43	POST	/api/auth	http://localhost:5173
20230611	15:34:24	3ecdcb84-3976-4858-a041-5a2e8aba017d	POST	/api/auth	http://localhost:5173
20230611	15:34:24	9d36c4bb-1998-4181-838e-62b1fea6edd3	POST	/api/auth	http://localhost:5173
20230611	15:34:24	84050373-f695-417e-83ba-2de421171d81	POST	/api/auth	http://localhost:5173
20230611	15:34:24	d33c6750-802d-4655-b39c-669b55790464	POST	/api/auth	http://localhost:5173
20230611	15:34:24	fccc0795-e168-44b3-91ef-bde0b0860935	POST	/api/auth	http://localhost:5173
20230611	15:34:24	406c655b-043d-49ef-b471-8688011aac0b	POST	/api/auth	http://localhost:5173
20230611	15:34:25	a8ed1b59-c2f6-450f-a718-6496453b75ff	POST	/api/auth	http://localhost:5173
20230611	15:34:25	1c7235c5-96bf-4e6b-8c0c-4df2038ab397	POST	/api/auth	http://localhost:5173
20230611	15:34:25	18683ba4-be21-408f-972e-4015aa44e393	POST	/api/auth	http://localhost:5173
20230611	15:34:25	aad67331-d666-4f56-bf27-5a01fbbe1ce5	POST	/api/auth	http://localhost:5173
20230611	15:34:25	ec404926-5431-418a-a53f-840f8a3b39af	POST	/api/auth	http://localhost:5173
20230611	15:34:25	f8394f63-d5d7-44ed-854e-35b5379405f6	POST	/api/auth	http://localhost:5173
20230611	15:34:27	d82a01fe-a4ac-423d-957d-f51347a29a66	POST	/api/auth	http://localhost:5173
20230611	15:34:27	9ae0a66a-3442-4af4-87a2-5eb457c50ba5	POST	/api/auth	http://localhost:5173
20230611	15:35:30	538b452d-ec33-42a0-bb30-f7e21b60761e	PATCH	/api/users	http://localhost:5173
20230611	15:35:33	ac6d5060-0df8-4550-8422-10ba90ced95c	POST	/api/auth	http://localhost:5173
20230611	15:35:33	872e842f-1e7b-4557-afac-7592eb408c04	POST	/api/auth	http://localhost:5173
20230611	15:35:37	1ec7bb1a-fde4-467f-8ba2-0ab56d53c05e	POST	/api/auth	http://localhost:5173
20230611	15:35:37	2a9b5bd0-8f8e-40d6-a9fa-277d0625d679	POST	/api/auth	http://localhost:5173
20230611	15:35:37	ca0a9f66-40e6-4e85-9a0a-b906c0f411de	POST	/api/auth	http://localhost:5173
20230611	15:35:37	7926b369-c0b3-4b43-8ed6-ee691d48da0a	POST	/api/auth	http://localhost:5173
20230611	15:35:40	d9412e5a-9654-478f-a752-0f508fccf06f	POST	/api/auth	http://localhost:5173
20230611	15:35:40	e2a64ce2-7ec9-42c8-aa76-938621d92a19	POST	/api/auth	http://localhost:5173
20230611	15:35:47	e6b0a007-15e9-4d45-95ff-41be312be900	POST	/api/auth	http://localhost:5173
20230611	15:35:47	9f4293f5-5793-4c42-9606-ff18e5b94735	POST	/api/auth	http://localhost:5173
20230611	15:36:21	3ea5c4e6-5b30-4571-ac31-bab16aa2c7c5	POST	/api/auth	http://localhost:5173
20230611	15:36:21	1474ef1d-1765-4615-a5c7-4ff7908f7c71	POST	/api/auth	http://localhost:5173
20230611	15:36:22	ac28bd44-e604-463a-a45f-f38ce88802f3	POST	/api/auth	http://localhost:5173
20230611	15:36:22	f3d05640-f598-4dec-bc16-dbc0fcca7784	POST	/api/auth	http://localhost:5173
20230611	15:36:47	f3a2ba9e-9f02-4e22-b656-aa16acc1e817	POST	/api/auth	http://localhost:5173
20230611	15:36:47	fd18d457-e0d8-455a-8e73-9a9e2eff42b4	POST	/api/auth	http://localhost:5173
20230611	15:36:47	7299c8df-72f2-4ff1-b8e1-da949fd59e3c	POST	/api/auth	http://localhost:5173
20230611	15:36:47	5163548d-b493-4fbd-adcc-4fc93dca1fe4	POST	/api/auth	http://localhost:5173
20230611	15:37:12	3ecf3b4e-1cd5-46a2-9769-d05306e3f9c2	POST	/api/auth	http://localhost:5173
20230611	15:37:12	5030b4d2-a499-4964-9435-1125c17af191	POST	/api/auth	http://localhost:5173
20230611	15:38:11	daf1c0b6-77bb-4d93-9b14-ff091090696b	POST	/api/auth	http://localhost:5173
20230611	15:38:11	d81ea770-7cbc-4c05-805f-330999654f6b	POST	/api/auth	http://localhost:5173
20230611	15:38:33	c35a3e1c-dfaa-469d-b56d-7ca58d16914a	POST	/api/auth	http://localhost:5173
20230611	15:38:33	cc4c5294-cb0c-4d9a-aa1a-cf8c5f10fdc3	POST	/api/auth	http://localhost:5173
20230611	15:38:34	08489f35-e4de-4334-8e97-f7d5beb58122	POST	/api/auth	http://localhost:5173
20230611	15:38:34	a327009b-1a3f-416c-9b23-a4cfc226705a	POST	/api/auth	http://localhost:5173
20230611	15:38:35	5c28992b-9159-48e6-9b0a-b45bdd30e7b1	POST	/api/auth	http://localhost:5173
20230611	15:38:35	6f311c4f-55dc-404f-b686-58f52165265b	POST	/api/auth	http://localhost:5173
20230611	15:38:37	f6dc8314-763e-490a-ab13-b1b83428e8ad	POST	/api/auth	http://localhost:5173
20230611	15:38:37	50608958-0f1a-40b4-83bb-402fbc13f3f4	POST	/api/auth	http://localhost:5173
20230611	15:38:37	be9d4d2b-7da7-4100-8781-a1b908ed9faf	POST	/api/auth	http://localhost:5173
20230611	15:38:37	471e2b4e-d0ed-4dfa-8131-598d4b8ceaa1	POST	/api/auth	http://localhost:5173
20230611	15:38:37	4e1eb1f3-39de-4383-8c00-6791019b65bb	POST	/api/auth	http://localhost:5173
20230611	15:38:37	731499b5-449a-4733-a105-720925554187	POST	/api/auth	http://localhost:5173
20230611	15:38:37	9ee3424a-a987-45d4-8149-981a33e8036f	POST	/api/auth	http://localhost:5173
20230611	15:38:37	606a5f0c-d20e-4223-b633-7cd9f4a4b983	POST	/api/auth	http://localhost:5173
20230611	15:38:38	a32b9416-dcd6-4718-ac78-55ce2a0a9294	POST	/api/auth	http://localhost:5173
20230611	15:38:38	0d102681-e6e6-4642-bb37-6e0892814215	POST	/api/auth	http://localhost:5173
20230611	15:38:38	45fc876b-0a63-4cbc-a60e-00d0e7e565ee	POST	/api/auth	http://localhost:5173
20230611	15:38:38	8ab4efd4-4b9b-49ae-b029-ef0ae853fab4	POST	/api/auth	http://localhost:5173
20230611	15:38:54	66c07385-8799-42b0-9693-b6c93fc207d7	POST	/api/auth	http://localhost:5173
20230611	15:38:54	d6b848ce-939b-4da9-ace2-23465faf22ba	POST	/api/auth	http://localhost:5173
20230611	15:38:55	14391988-545a-42a0-8fa0-745399b4178f	POST	/api/auth	http://localhost:5173
20230611	15:38:55	6d7186aa-95ab-426c-8dcd-7477b88df119	POST	/api/auth	http://localhost:5173
20230611	15:38:56	056f3a8a-274a-440a-bb83-65a2e787cae0	POST	/api/auth	http://localhost:5173
20230611	15:38:56	0e4bdc6f-5183-4208-9481-929d17eb8911	POST	/api/auth	http://localhost:5173
20230611	15:38:56	1c27b8b3-7840-4606-82ba-f4f46922e40d	POST	/api/auth	http://localhost:5173
20230611	15:38:56	48bb7f5e-d491-46eb-9407-0c637f7ec094	POST	/api/auth	http://localhost:5173
20230611	15:38:57	dc58e944-30e0-419b-80b1-d36271f526ef	POST	/api/auth	http://localhost:5173
20230611	15:38:57	2a1efc4a-6303-4a77-915c-b4a2d185db63	POST	/api/auth	http://localhost:5173
20230611	15:39:07	24c581af-62b7-42d6-ad3c-26c17a88dbf3	POST	/api/auth/login	http://localhost:5173
20230611	15:39:07	6b8c2456-67a6-487d-84de-4e2fdc82165b	POST	/api/auth	http://localhost:5173
20230611	15:39:07	fecacd52-e860-45e9-891b-1ca15540ab6b	POST	/api/auth	http://localhost:5173
20230611	15:39:26	b0bcea57-8e70-4fdf-8ece-3088f6697b8c	POST	/api/auth	http://localhost:5173
20230611	15:39:26	89e88c5a-385d-435b-bef6-4c899276bcb0	POST	/api/auth	http://localhost:5173
20230611	15:39:37	ab1130f3-75a1-4c85-a778-26bf593b5bc1	POST	/api/auth	http://localhost:5173
20230611	15:39:37	123e2ef9-5f7e-4471-ab16-3744930a00f9	POST	/api/auth	http://localhost:5173
20230611	15:39:38	97eefb69-ef27-4000-8981-fcea6a9a0ef0	POST	/api/auth	http://localhost:5173
20230611	15:39:38	7ad94ee6-2614-4721-abf2-6cd4db0aa93b	POST	/api/auth	http://localhost:5173
20230611	15:39:38	196e75bc-1e41-4fbf-b954-f7f6a144dcab	POST	/api/auth	http://localhost:5173
20230611	15:39:38	fb4257d7-848e-466e-b994-5529c58016ec	POST	/api/auth	http://localhost:5173
20230611	15:39:39	6235007e-61de-45f2-b23c-e00253d83e66	POST	/api/auth	http://localhost:5173
20230611	15:39:39	6c4a6878-a1f7-472d-b23c-37ce24104696	POST	/api/auth	http://localhost:5173
20230611	15:39:39	9d56b818-501f-4651-8730-5b800b93f30d	POST	/api/auth	http://localhost:5173
20230611	15:39:39	feeebf73-3762-4cd7-85e1-75638116a913	POST	/api/auth	http://localhost:5173
20230611	15:39:39	1a0b40d4-955d-4830-9200-012e0115ed77	POST	/api/auth	http://localhost:5173
20230611	15:39:39	e1fa0859-8cc3-4f31-af41-c1dd4e629833	POST	/api/auth	http://localhost:5173
20230611	15:39:40	5c66ac0b-5a2b-4860-9b50-273061d6bf60	POST	/api/auth	http://localhost:5173
20230611	15:39:40	850bb1c9-2f4f-4873-94ce-7f32360ad43f	POST	/api/auth	http://localhost:5173
20230611	15:39:40	cb06ce91-fcbb-4a42-9961-911df4f22e52	POST	/api/auth	http://localhost:5173
20230611	15:39:40	48f16a69-5c83-48df-b843-6f3fe3c51c72	POST	/api/auth	http://localhost:5173
20230611	15:39:42	2135f26d-34e7-4088-9727-1a02c16d6097	POST	/api/auth	http://localhost:5173
20230611	15:39:42	94837191-8f0f-4353-abeb-5d625214bb50	POST	/api/auth	http://localhost:5173
20230611	15:39:42	d0ba4e64-0c34-4d55-a313-801805f82b4c	POST	/api/auth	http://localhost:5173
20230611	15:39:42	ca647c89-12a5-4d88-a380-fbdcab67b9dd	POST	/api/auth	http://localhost:5173
20230611	15:39:43	e81ecadd-bbc8-49d5-8b8e-cc22ebdf1c80	POST	/api/auth	http://localhost:5173
20230611	15:39:43	71202a75-2118-4907-9c16-933d607576fc	POST	/api/auth	http://localhost:5173
20230611	15:39:43	461f1538-ca7b-462e-b01d-f26536cb5aa3	POST	/api/auth	http://localhost:5173
20230611	15:39:43	a5cbb893-cce4-4393-9c00-340a460e7966	POST	/api/auth	http://localhost:5173
20230611	15:39:44	623c1cc7-47c6-4c6e-9f3d-8fd77b61690f	POST	/api/auth	http://localhost:5173
20230611	15:39:44	efd12257-404a-414d-b52e-5a4e43226c95	POST	/api/auth	http://localhost:5173
20230611	15:39:44	bc87d767-0a27-4c7b-8720-088ce36bdb1f	POST	/api/auth	http://localhost:5173
20230611	15:39:44	8822a4c6-853b-4350-b734-3ec45bc7d9e7	POST	/api/auth	http://localhost:5173
20230611	15:39:45	3f5df09c-b13e-4dfa-a2d8-456941b8396b	POST	/api/auth	http://localhost:5173
20230611	15:39:45	ec10f3d7-c3d4-4382-91a1-bd2c5c015036	POST	/api/auth	http://localhost:5173
20230611	15:39:46	a1279bb8-e07f-4220-86fa-f984f442679f	POST	/api/auth	http://localhost:5173
20230611	15:39:46	9cc2104f-eb5a-42ae-a00f-916c3187acc7	POST	/api/auth	http://localhost:5173
20230611	15:39:47	19d7059b-7669-496e-ab3d-a890607c11ce	POST	/api/auth	http://localhost:5173
20230611	15:39:47	e8942606-713b-4198-b07c-e4636522d148	POST	/api/auth	http://localhost:5173
20230611	15:39:48	6ff5fa99-b7ff-4679-991c-547f3b884e73	POST	/api/auth	http://localhost:5173
20230611	15:39:48	c690e7c2-0d2e-4320-8c04-46880f63887a	POST	/api/auth	http://localhost:5173
20230611	15:39:49	3a17009f-59a4-4211-af8e-3b6954895f51	POST	/api/auth	http://localhost:5173
20230611	15:39:49	c702d993-ff46-4004-8b21-89b98c80dba9	POST	/api/auth	http://localhost:5173
20230611	15:39:50	6288746e-c53d-4ff3-a4cc-bf64da7addba	POST	/api/auth	http://localhost:5173
20230611	15:39:50	9305ecf4-c544-4605-ac1f-ff1a11a95359	POST	/api/auth	http://localhost:5173
20230611	15:39:52	015f5018-70c6-4a20-80f0-ebdf9b5a1ae6	POST	/api/auth	http://localhost:5173
20230611	15:39:52	6bc54a17-ed74-46b7-ada7-561453c7f18d	POST	/api/auth	http://localhost:5173
20230611	15:39:54	003ece06-98aa-42ed-aca0-4cd8de024bf3	POST	/api/auth	http://localhost:5173
20230611	15:39:54	54d8ef2f-f994-4620-a6ce-8da9a591a239	POST	/api/auth	http://localhost:5173
20230611	15:40:35	79990e5a-96c4-4be4-9ea3-4091c5d2f78e	POST	/api/auth	http://localhost:5173
20230611	15:40:35	cec2e7ea-5f5f-457b-b553-68590567473a	POST	/api/auth	http://localhost:5173
20230611	15:40:38	999b0111-e365-4900-b545-9ba61f636d2a	POST	/api/auth	http://localhost:5173
20230611	15:40:38	93d4276e-48fb-499e-9da9-b9b850455766	POST	/api/auth	http://localhost:5173
20230611	15:40:40	3c14cf3f-c5a1-4b9d-83ef-5d77a4de878c	POST	/api/auth	http://localhost:5173
20230611	15:40:40	5c0ad79e-1daf-435b-b49e-d1931ed82885	POST	/api/auth	http://localhost:5173
20230611	15:40:43	896b445a-1ac1-45f1-9b89-6aadd927ca49	POST	/api/auth	http://localhost:5173
20230611	15:40:43	615e782f-ca91-417b-bacd-1133d43999b5	POST	/api/auth	http://localhost:5173
20230611	15:40:45	7f905f69-d7a7-4d66-8c9c-20dc1854dcdc	POST	/api/auth	http://localhost:5173
20230611	15:40:45	70d17bd8-1ec5-4826-b74b-bf10f6b22165	POST	/api/auth	http://localhost:5173
20230611	15:40:47	70e529cc-2f61-41b7-a8fa-00ba80b230a6	POST	/api/auth	http://localhost:5173
20230611	15:40:47	49cf9af1-8a50-43f9-922a-544821fcfc5f	POST	/api/auth	http://localhost:5173
20230611	15:40:48	dfa93ab1-e377-43c2-aaa9-208bce1f33b4	POST	/api/auth	http://localhost:5173
20230611	15:40:48	bf895850-4a71-48e9-938a-565b9aa5d78d	POST	/api/auth	http://localhost:5173
20230611	15:40:52	055dbfae-108d-4083-aa64-ef751b02a409	POST	/api/auth	http://localhost:5173
20230611	15:40:52	93dfa954-2038-4466-a1c3-6010e4e64635	POST	/api/auth	http://localhost:5173
20230611	15:40:55	152027da-61de-4c63-afc1-0a6828d1b509	POST	/api/auth	http://localhost:5173
20230611	15:40:55	bf2f9fa3-2583-46f3-9e5e-344a8dba8c48	POST	/api/auth	http://localhost:5173
20230611	15:40:55	5c93084d-c711-4ff4-a7cb-dbab169dcba3	POST	/api/auth	http://localhost:5173
20230611	15:40:55	ec73f484-1bae-4a46-8cbf-918182818215	POST	/api/auth	http://localhost:5173
20230611	15:41:09	da683b65-c1f0-43a9-8819-5995e204ccd5	POST	/api/auth	http://localhost:5173
20230611	15:41:09	6ca4306e-9887-4665-8f02-06b5defa3c97	POST	/api/auth	http://localhost:5173
20230611	15:41:12	248fcde9-00b5-4a27-bda1-4d430dea4b11	POST	/api/auth	http://localhost:5173
20230611	15:41:12	70de7393-570b-496e-a45a-65005d66d9fb	POST	/api/auth	http://localhost:5173
20230611	15:41:13	f333e3ba-5e30-4b9c-a563-1cc0cb4d828e	POST	/api/auth	http://localhost:5173
20230611	15:41:13	ebd9055f-9911-456e-9446-9078c653ce98	POST	/api/auth	http://localhost:5173
20230611	15:41:13	21cc5b4b-54eb-4d4c-847a-02808cce48c7	POST	/api/auth	http://localhost:5173
20230611	15:41:13	bbae91ef-2e54-419f-9f20-ebf09b6ff3d0	POST	/api/auth	http://localhost:5173
20230611	15:41:14	fbcc4d62-ace2-421a-82c4-0f8cc0db6a39	POST	/api/auth	http://localhost:5173
20230611	15:41:14	2d6cef11-6020-4493-bf3a-e8a132a1b520	POST	/api/auth	http://localhost:5173
20230611	15:41:22	7ccd9dc4-7eb5-4a63-92bb-169c4bbf2026	POST	/api/auth	http://localhost:5173
20230611	15:41:22	a97244b0-110c-4431-b037-d59b39af2656	POST	/api/auth	http://localhost:5173
20230611	15:43:44	bcb453af-7815-4407-b01d-2df0ce65b2bb	POST	/api/auth	http://localhost:5173
20230611	15:43:44	529fc247-64d6-4a01-b860-bfbace7d779f	POST	/api/auth	http://localhost:5173
20230611	15:43:45	869b247b-3657-4633-baf1-8d5858bf6e87	POST	/api/auth	http://localhost:5173
20230611	15:43:45	e296943f-44ed-49b6-8b17-f96ea6f34404	POST	/api/auth	http://localhost:5173
20230611	15:43:48	327dabbf-f863-4324-84f0-41cebd244e53	POST	/api/auth	http://localhost:5173
20230611	15:43:48	fac63548-6872-45ca-9c48-eccd1d4ca2e4	POST	/api/auth	http://localhost:5173
20230611	15:43:48	53cafa14-56a3-47eb-a936-105082730cd1	POST	/api/auth	http://localhost:5173
20230611	15:43:48	7449be21-df22-40ef-a984-dbccba5fe281	POST	/api/auth	http://localhost:5173
